Created by PLY version 3.11 (http://www.dabeaz.com/ply)

Unused terminals:

    ABRE_COLCHETE
    ABRE_PARENTESE
    ATE
    ATRIBUICAO
    DIFERENTE
    DIVISAO
    DOIS_PONTOS
    ENTAO
    ESCREVA
    E_LOGICO
    FECHA_COLCHETE
    FECHA_PARENTESE
    FIM
    FLUTUANTE
    ID
    IGUAL
    INTEIRO
    LEIA
    MAIOR
    MAIOR_IGUAL
    MAIS
    MENOR
    MENOR_IGUAL
    MENOS
    MULTIPLICACAO
    NEGACAO
    NOTACAO_CIENTIFICA
    OU_LOGICO
    REPITA
    RETORNA
    SE
    SENAO
    VIRGULA

Grammar

Rule 0     S' -> expression
Rule 1     expression -> expression PLUS term
Rule 2     expression -> expression MINUS term
Rule 3     expression -> term
Rule 4     term -> term TIMES factor
Rule 5     term -> term DIVIDE factor
Rule 6     term -> factor
Rule 7     factor -> NUMBER
Rule 8     factor -> LPAREN expression RPAREN

Terminals, with rules where they appear

ABRE_COLCHETE        : 
ABRE_PARENTESE       : 
ATE                  : 
ATRIBUICAO           : 
DIFERENTE            : 
DIVISAO              : 
DOIS_PONTOS          : 
ENTAO                : 
ESCREVA              : 
E_LOGICO             : 
FECHA_COLCHETE       : 
FECHA_PARENTESE      : 
FIM                  : 
FLUTUANTE            : 
ID                   : 
IGUAL                : 
INTEIRO              : 
LEIA                 : 
MAIOR                : 
MAIOR_IGUAL          : 
MAIS                 : 
MENOR                : 
MENOR_IGUAL          : 
MENOS                : 
MULTIPLICACAO        : 
NEGACAO              : 
NOTACAO_CIENTIFICA   : 
OU_LOGICO            : 
REPITA               : 
RETORNA              : 
SE                   : 
SENAO                : 
VIRGULA              : 
error                : 

Nonterminals, with rules where they appear

DIVIDE               : 5
LPAREN               : 8
MINUS                : 2
NUMBER               : 7
PLUS                 : 1
RPAREN               : 8
TIMES                : 4
expression           : 1 2 8 0
factor               : 4 5 6
term                 : 1 2 3 4 5

